[2023-03-27 08:08:09.779 -03:00 INF] Executed DbCommand (30ms) [Parameters=[], CommandType='"Text"', CommandTimeout='30']
SELECT COUNT(*) FROM "sqlite_master" WHERE "name" = '__EFMigrationsHistory' AND "type" = 'table';
[2023-03-27 08:08:09.872 -03:00 INF] Executed DbCommand (1ms) [Parameters=[], CommandType='"Text"', CommandTimeout='30']
SELECT COUNT(*) FROM "sqlite_master" WHERE "name" = '__EFMigrationsHistory' AND "type" = 'table';
[2023-03-27 08:08:09.922 -03:00 INF] Executed DbCommand (3ms) [Parameters=[], CommandType='"Text"', CommandTimeout='30']
SELECT "MigrationId", "ProductVersion"
FROM "__EFMigrationsHistory"
ORDER BY "MigrationId";
[2023-03-27 08:08:09.955 -03:00 INF] No migrations were applied. The database is already up to date.
[2023-03-27 08:08:10.401 -03:00 INF] Executed DbCommand (1ms) [Parameters=[], CommandType='"Text"', CommandTimeout='30']
SELECT EXISTS (
    SELECT 1
    FROM "Users" AS "u")
[2023-03-27 08:08:10.772 -03:00 INF] Now listening on: http://localhost:5000
[2023-03-27 08:08:10.778 -03:00 INF] Application started. Press Ctrl+C to shut down.
[2023-03-27 08:08:10.780 -03:00 INF] Hosting environment: Development
[2023-03-27 08:08:10.780 -03:00 INF] Content root path: C:\Repos\TestPragma\PragmaReactNetcore\Reactivities\API
[2023-03-27 08:08:11.718 -03:00 INF] Request starting HTTP/1.1 GET http://localhost:5000/swagger/index.html - -
[2023-03-27 08:08:12.056 -03:00 INF] Request finished HTTP/1.1 GET http://localhost:5000/swagger/index.html - - - 200 - text/html;charset=utf-8 345.1616ms
[2023-03-27 08:08:12.279 -03:00 INF] Request starting HTTP/1.1 GET http://localhost:5000/_framework/aspnetcore-browser-refresh.js - -
[2023-03-27 08:08:12.282 -03:00 INF] Request finished HTTP/1.1 GET http://localhost:5000/_framework/aspnetcore-browser-refresh.js - - - 200 11966 application/javascript;+charset=utf-8 3.5080ms
[2023-03-27 08:08:12.641 -03:00 INF] Request starting HTTP/1.1 GET http://localhost:5000/swagger/v1/swagger.json - -
[2023-03-27 08:08:12.865 -03:00 INF] Request finished HTTP/1.1 GET http://localhost:5000/swagger/v1/swagger.json - - - 200 - application/json;charset=utf-8 224.0739ms
[2023-03-27 08:08:54.949 -03:00 INF] Request starting HTTP/1.1 GET http://localhost:5000/Users/Exception - -
[2023-03-27 08:08:54.963 -03:00 WRN] Failed to determine the https port for redirect.
[2023-03-27 08:08:54.974 -03:00 INF] Executing endpoint 'API.Controllers.UsersController.GetException (API)'
[2023-03-27 08:08:54.987 -03:00 INF] Route matched with {action = "GetException", controller = "Users"}. Executing controller action with signature System.Threading.Tasks.Task`1[Microsoft.AspNetCore.Mvc.ActionResult`1[System.Collections.Generic.List`1[Domain.User]]] GetException() on controller API.Controllers.UsersController (API).
[2023-03-27 08:08:55.018 -03:00 INF] Executed action API.Controllers.UsersController.GetException (API) in 26.6795ms
[2023-03-27 08:08:55.019 -03:00 INF] Executed endpoint 'API.Controllers.UsersController.GetException (API)'
[2023-03-27 08:08:55.052 -03:00 ERR] An unhandled exception has occurred while executing the request.
System.Exception: Esta es una Excepcion COntrolada
   at Application.Users.UserException.Handler.Handle(Query request, CancellationToken cancellationToken) in C:\Repos\TestPragma\PragmaReactNetcore\Reactivities\Application\Users\UserException.cs:line 21
   at MediatR.Wrappers.RequestHandlerWrapperImpl`2.<>c__DisplayClass1_0.<Handle>g__Handler|0()
   at MediatR.Pipeline.RequestExceptionProcessorBehavior`2.Handle(TRequest request, RequestHandlerDelegate`1 next, CancellationToken cancellationToken)
   at MediatR.Pipeline.RequestExceptionProcessorBehavior`2.Handle(TRequest request, RequestHandlerDelegate`1 next, CancellationToken cancellationToken)
   at MediatR.Pipeline.RequestExceptionActionProcessorBehavior`2.Handle(TRequest request, RequestHandlerDelegate`1 next, CancellationToken cancellationToken)
   at MediatR.Pipeline.RequestExceptionActionProcessorBehavior`2.Handle(TRequest request, RequestHandlerDelegate`1 next, CancellationToken cancellationToken)
   at MediatR.Pipeline.RequestPostProcessorBehavior`2.Handle(TRequest request, RequestHandlerDelegate`1 next, CancellationToken cancellationToken)
   at MediatR.Pipeline.RequestPreProcessorBehavior`2.Handle(TRequest request, RequestHandlerDelegate`1 next, CancellationToken cancellationToken)
   at API.Controllers.UsersController.GetException() in C:\Repos\TestPragma\PragmaReactNetcore\Reactivities\API\Controllers\UsersController.cs:line 36
   at lambda_method9(Closure, Object)
   at Microsoft.AspNetCore.Mvc.Infrastructure.ActionMethodExecutor.AwaitableObjectResultExecutor.Execute(ActionContext actionContext, IActionResultTypeMapper mapper, ObjectMethodExecutor executor, Object controller, Object[] arguments)
   at Microsoft.AspNetCore.Mvc.Infrastructure.ControllerActionInvoker.<InvokeActionMethodAsync>g__Awaited|12_0(ControllerActionInvoker invoker, ValueTask`1 actionResultValueTask)
   at Microsoft.AspNetCore.Mvc.Infrastructure.ControllerActionInvoker.<InvokeNextActionFilterAsync>g__Awaited|10_0(ControllerActionInvoker invoker, Task lastTask, State next, Scope scope, Object state, Boolean isCompleted)
   at Microsoft.AspNetCore.Mvc.Infrastructure.ControllerActionInvoker.Rethrow(ActionExecutedContextSealed context)
   at Microsoft.AspNetCore.Mvc.Infrastructure.ControllerActionInvoker.Next(State& next, Scope& scope, Object& state, Boolean& isCompleted)
   at Microsoft.AspNetCore.Mvc.Infrastructure.ControllerActionInvoker.InvokeInnerFilterAsync()
--- End of stack trace from previous location ---
   at Microsoft.AspNetCore.Mvc.Infrastructure.ResourceInvoker.<InvokeFilterPipelineAsync>g__Awaited|20_0(ResourceInvoker invoker, Task lastTask, State next, Scope scope, Object state, Boolean isCompleted)
   at Microsoft.AspNetCore.Mvc.Infrastructure.ResourceInvoker.<InvokeAsync>g__Logged|17_1(ResourceInvoker invoker)
   at Microsoft.AspNetCore.Mvc.Infrastructure.ResourceInvoker.<InvokeAsync>g__Logged|17_1(ResourceInvoker invoker)
   at Microsoft.AspNetCore.Routing.EndpointMiddleware.<Invoke>g__AwaitRequestTask|6_0(Endpoint endpoint, Task requestTask, ILogger logger)
   at Microsoft.AspNetCore.Diagnostics.ExceptionHandlerMiddlewareImpl.<Invoke>g__Awaited|8_0(ExceptionHandlerMiddlewareImpl middleware, HttpContext context, Task task)
[2023-03-27 08:08:55.219 -03:00 INF] [TRACE] request/response
[2023-03-27 08:08:55.244 -03:00 INF] [ALL TRACE IN DICTIONARY] {"request_headers":[{"Key":"Accept","Value":["text/plain"],"$type":"KeyValuePair`2"},{"Key":"Connection","Value":["keep-alive"],"$type":"KeyValuePair`2"},{"Key":"Host","Value":["localhost:5000"],"$type":"KeyValuePair`2"},{"Key":"User-Agent","Value":["Mozilla/5.0 (Windows NT 10.0; Win64; x64) AppleWebKit/537.36 (KHTML, like Gecko) Chrome/111.0.0.0 Safari/537.36"],"$type":"KeyValuePair`2"},{"Key":"Accept-Encoding","Value":["gzip, deflate"],"$type":"KeyValuePair`2"},{"Key":"Accept-Language","Value":["es-ES,es;q=0.9"],"$type":"KeyValuePair`2"},{"Key":"Cookie","Value":["mailpoet_page_view=%7B%22timestamp%22%3A1671050267%7D"],"$type":"KeyValuePair`2"},{"Key":"Referer","Value":["http://localhost:5000/swagger/index.html"],"$type":"KeyValuePair`2"},{"Key":"sec-ch-ua","Value":["\"Google Chrome\";v=\"111\", \"Not(A:Brand\";v=\"8\", \"Chromium\";v=\"111\""],"$type":"KeyValuePair`2"},{"Key":"sec-ch-ua-mobile","Value":["?0"],"$type":"KeyValuePair`2"},{"Key":"sec-ch-ua-platform","Value":["\"Windows\""],"$type":"KeyValuePair`2"},{"Key":"Sec-Fetch-Site","Value":["same-origin"],"$type":"KeyValuePair`2"},{"Key":"Sec-Fetch-Mode","Value":["cors"],"$type":"KeyValuePair`2"},{"Key":"Sec-Fetch-Dest","Value":["empty"],"$type":"KeyValuePair`2"}],"request_body":"http localhost:5000/Users/Exception  ","response_headers":[{"Key":"Content-Type","Value":["application/json"],"$type":"KeyValuePair`2"}],"response_body":"500: {\"StatusCode\":500,\"Message\":\"Error en el servidor. No eres tú, soy yo. Comunícate con el administrador XD.\"}"}
[2023-03-27 08:08:55.249 -03:00 INF] Request finished HTTP/1.1 GET http://localhost:5000/Users/Exception - - - 500 - application/json 300.0280ms
[2023-03-27 08:09:05.009 -03:00 INF] Request starting HTTP/1.1 GET http://localhost:5000/Users - -
[2023-03-27 08:09:05.010 -03:00 INF] Executing endpoint 'API.Controllers.UsersController.GetUsers (API)'
[2023-03-27 08:09:05.016 -03:00 INF] Route matched with {action = "GetUsers", controller = "Users"}. Executing controller action with signature System.Threading.Tasks.Task`1[Microsoft.AspNetCore.Mvc.ActionResult`1[System.Collections.Generic.List`1[Domain.User]]] GetUsers() on controller API.Controllers.UsersController (API).
[2023-03-27 08:09:05.085 -03:00 INF] Executed DbCommand (0ms) [Parameters=[], CommandType='"Text"', CommandTimeout='30']
SELECT "u"."Id", "u"."Correo", "u"."FechaNacimiento", "u"."Nombre", "u"."Rut"
FROM "Users" AS "u"
[2023-03-27 08:09:05.146 -03:00 INF] Executing ObjectResult, writing value of type 'System.Collections.Generic.List`1[[Domain.User, Domain, Version=1.0.0.0, Culture=neutral, PublicKeyToken=null]]'.
[2023-03-27 08:09:05.175 -03:00 INF] Executed action API.Controllers.UsersController.GetUsers (API) in 158.1852ms
[2023-03-27 08:09:05.175 -03:00 INF] Executed endpoint 'API.Controllers.UsersController.GetUsers (API)'
[2023-03-27 08:09:05.175 -03:00 INF] [TRACE] request/response
[2023-03-27 08:09:05.176 -03:00 INF] [ALL TRACE IN DICTIONARY] {"request_headers":[{"Key":"Accept","Value":["text/plain"],"$type":"KeyValuePair`2"},{"Key":"Connection","Value":["keep-alive"],"$type":"KeyValuePair`2"},{"Key":"Host","Value":["localhost:5000"],"$type":"KeyValuePair`2"},{"Key":"User-Agent","Value":["Mozilla/5.0 (Windows NT 10.0; Win64; x64) AppleWebKit/537.36 (KHTML, like Gecko) Chrome/111.0.0.0 Safari/537.36"],"$type":"KeyValuePair`2"},{"Key":"Accept-Encoding","Value":["gzip, deflate"],"$type":"KeyValuePair`2"},{"Key":"Accept-Language","Value":["es-ES,es;q=0.9"],"$type":"KeyValuePair`2"},{"Key":"Cookie","Value":["mailpoet_page_view=%7B%22timestamp%22%3A1671050267%7D"],"$type":"KeyValuePair`2"},{"Key":"Referer","Value":["http://localhost:5000/swagger/index.html"],"$type":"KeyValuePair`2"},{"Key":"sec-ch-ua","Value":["\"Google Chrome\";v=\"111\", \"Not(A:Brand\";v=\"8\", \"Chromium\";v=\"111\""],"$type":"KeyValuePair`2"},{"Key":"sec-ch-ua-mobile","Value":["?0"],"$type":"KeyValuePair`2"},{"Key":"sec-ch-ua-platform","Value":["\"Windows\""],"$type":"KeyValuePair`2"},{"Key":"Sec-Fetch-Site","Value":["same-origin"],"$type":"KeyValuePair`2"},{"Key":"Sec-Fetch-Mode","Value":["cors"],"$type":"KeyValuePair`2"},{"Key":"Sec-Fetch-Dest","Value":["empty"],"$type":"KeyValuePair`2"}],"request_body":"http localhost:5000/Users  ","response_headers":[{"Key":"Content-Type","Value":["application/json; charset=utf-8"],"$type":"KeyValuePair`2"}],"response_body":"200: [{\"id\":\"33a28c3e-c318-47bb-beb1-d805ed0b4d46\",\"nombre\":\"Nombre 4\",\"rut\":\"4444444-1\",\"fechaNacimiento\":\"1939-11-22T19:06:04.5834947\",\"correo\":\"Correo@correo.cl\"},{\"id\":\"7c1e270b-36fc-4e0d-8901-e923b11b241d\",\"nombre\":\"Nombre 3\",\"rut\":\"3333333-1\",\"fechaNacimiento\":\"2014-11-22T19:06:04.5834943\",\"correo\":\"Correo@correo.cl\"},{\"id\":\"aa86e728-0cb7-461f-9980-aca4d70e249d\",\"nombre\":\"Nombre 5\",\"rut\":\"1155111-1\",\"fechaNacimiento\":\"2006-07-22T19:06:04.583495\",\"correo\":\"Correo@correo.cl\"},{\"id\":\"cb2b49ec-7e86-432a-8461-e95389323fe6\",\"nombre\":\"Correo@correo.cldd\",\"rut\":\"111111-1dd\",\"fechaNacimiento\":\"2023-01-22T19:06:04.5832866\",\"correo\":\"Nombre 11000\"},{\"id\":\"fbe1306f-5753-4328-b2fa-e506bd2213e5\",\"nombre\":\"Nombre 11000\",\"rut\":\"111111-1\",\"fechaNacimiento\":\"2023-01-22T19:06:04.5832866\",\"correo\":\"Correo@correo.cl\"},{\"id\":\"4ee8c901-1f53-4506-9714-cd5d574ab34d\",\"nombre\":\"correo@front\",\"rut\":\"172214312\",\"fechaNacimiento\":\"2023-03-18T00:00:00\",\"correo\":\"TestFrom5\"},{\"id\":\"52a577cb-d30c-4a79-bdd8-029378d987d5\",\"nombre\":\"correo@correo2\",\"rut\":\"172214312\",\"fechaNacimiento\":\"2023-03-08T00:00:00\",\"correo\":\"pruebaFormaq34\"},{\"id\":\"0e0dba6c-2a80-42e1-8951-6e49dba9e436\",\"nombre\":\"Nombre 10\",\"rut\":\"111111-1\",\"fechaNacimiento\":\"2023-01-22T19:06:04.5832866\",\"correo\":\"Correo@correo.cl\"},{\"id\":\"649a1935-ffc9-43bd-9f48-7914f72a1440\",\"nombre\":\"Nombre 13\",\"rut\":\"111111-1\",\"fechaNacimiento\":\"2023-01-22T19:06:04.5832866\",\"correo\":\"Correo@correo.cl\"},{\"id\":\"0e5f9897-9bcc-4921-821e-6ad6067d51e3\",\"nombre\":\"Correo@correo.cl\",\"rut\":\"111111-1\",\"fechaNacimiento\":\"2023-01-22T19:06:04.5832866\",\"correo\":\"Nombre 14pruebaccc\"},{\"id\":\"b3955a88-4146-41ca-964a-90ae6737a7b2\",\"nombre\":\"coorrecorreo.cl\",\"rut\":\"172215412\",\"fechaNacimiento\":\"2023-03-23T00:00:00\",\"correo\":\"prueba crear\"},{\"id\":\"c4cffa0a-3ae8-47b2-91aa-23819657e0d7\",\"nombre\":\"correo@dsds\",\"rut\":\"121212dd\",\"fechaNacimiento\":\"2023-03-22T00:00:00\",\"correo\":\"prueba crear 2s\"}]"}
[2023-03-27 08:09:05.182 -03:00 INF] Request finished HTTP/1.1 GET http://localhost:5000/Users - - - 200 - application/json;+charset=utf-8 173.5652ms
[2023-03-27 08:23:33.567 -03:00 INF] Application is shutting down...
[2023-03-27 11:44:22.741 -03:00 INF] Executed DbCommand (15ms) [Parameters=[], CommandType='"Text"', CommandTimeout='30']
SELECT COUNT(*) FROM "sqlite_master" WHERE "name" = '__EFMigrationsHistory' AND "type" = 'table';
[2023-03-27 11:44:22.815 -03:00 INF] Executed DbCommand (3ms) [Parameters=[], CommandType='"Text"', CommandTimeout='30']
SELECT COUNT(*) FROM "sqlite_master" WHERE "name" = '__EFMigrationsHistory' AND "type" = 'table';
[2023-03-27 11:44:22.854 -03:00 INF] Executed DbCommand (2ms) [Parameters=[], CommandType='"Text"', CommandTimeout='30']
SELECT "MigrationId", "ProductVersion"
FROM "__EFMigrationsHistory"
ORDER BY "MigrationId";
[2023-03-27 11:44:22.881 -03:00 INF] No migrations were applied. The database is already up to date.
[2023-03-27 11:44:23.142 -03:00 INF] Executed DbCommand (1ms) [Parameters=[], CommandType='"Text"', CommandTimeout='30']
SELECT EXISTS (
    SELECT 1
    FROM "Users" AS "u")
[2023-03-27 11:44:23.306 -03:00 INF] Now listening on: http://localhost:5000
[2023-03-27 11:44:23.310 -03:00 INF] Application started. Press Ctrl+C to shut down.
[2023-03-27 11:44:23.310 -03:00 INF] Hosting environment: Development
[2023-03-27 11:44:23.310 -03:00 INF] Content root path: C:\Repos\TestPragma\PragmaReactNetcore\Reactivities\API
[2023-03-27 11:45:00.445 -03:00 INF] Request starting HTTP/1.1 GET http://localhost:5000/Users/Exception - -
[2023-03-27 11:45:00.511 -03:00 WRN] Failed to determine the https port for redirect.
[2023-03-27 11:45:00.559 -03:00 INF] Executing endpoint 'API.Controllers.UsersController.GetException (API)'
[2023-03-27 11:45:00.573 -03:00 INF] Route matched with {action = "GetException", controller = "Users"}. Executing controller action with signature System.Threading.Tasks.Task`1[Microsoft.AspNetCore.Mvc.ActionResult`1[System.Collections.Generic.List`1[Domain.User]]] GetException() on controller API.Controllers.UsersController (API).
[2023-03-27 11:45:00.604 -03:00 INF] Executed action API.Controllers.UsersController.GetException (API) in 25.3841ms
[2023-03-27 11:45:00.605 -03:00 INF] Executed endpoint 'API.Controllers.UsersController.GetException (API)'
[2023-03-27 11:45:00.637 -03:00 ERR] An unhandled exception has occurred while executing the request.
System.Exception: Esta es una Excepcion COntrolada
   at Application.Users.UserException.Handler.Handle(Query request, CancellationToken cancellationToken) in C:\Repos\TestPragma\PragmaReactNetcore\Reactivities\Application\Users\UserException.cs:line 21
   at MediatR.Wrappers.RequestHandlerWrapperImpl`2.<>c__DisplayClass1_0.<Handle>g__Handler|0()
   at MediatR.Pipeline.RequestExceptionProcessorBehavior`2.Handle(TRequest request, RequestHandlerDelegate`1 next, CancellationToken cancellationToken)
   at MediatR.Pipeline.RequestExceptionProcessorBehavior`2.Handle(TRequest request, RequestHandlerDelegate`1 next, CancellationToken cancellationToken)
   at MediatR.Pipeline.RequestExceptionActionProcessorBehavior`2.Handle(TRequest request, RequestHandlerDelegate`1 next, CancellationToken cancellationToken)
   at MediatR.Pipeline.RequestExceptionActionProcessorBehavior`2.Handle(TRequest request, RequestHandlerDelegate`1 next, CancellationToken cancellationToken)
   at MediatR.Pipeline.RequestPostProcessorBehavior`2.Handle(TRequest request, RequestHandlerDelegate`1 next, CancellationToken cancellationToken)
   at MediatR.Pipeline.RequestPreProcessorBehavior`2.Handle(TRequest request, RequestHandlerDelegate`1 next, CancellationToken cancellationToken)
   at API.Controllers.UsersController.GetException() in C:\Repos\TestPragma\PragmaReactNetcore\Reactivities\API\Controllers\UsersController.cs:line 36
   at lambda_method9(Closure, Object)
   at Microsoft.AspNetCore.Mvc.Infrastructure.ActionMethodExecutor.AwaitableObjectResultExecutor.Execute(ActionContext actionContext, IActionResultTypeMapper mapper, ObjectMethodExecutor executor, Object controller, Object[] arguments)
   at Microsoft.AspNetCore.Mvc.Infrastructure.ControllerActionInvoker.<InvokeActionMethodAsync>g__Awaited|12_0(ControllerActionInvoker invoker, ValueTask`1 actionResultValueTask)
   at Microsoft.AspNetCore.Mvc.Infrastructure.ControllerActionInvoker.<InvokeNextActionFilterAsync>g__Awaited|10_0(ControllerActionInvoker invoker, Task lastTask, State next, Scope scope, Object state, Boolean isCompleted)
   at Microsoft.AspNetCore.Mvc.Infrastructure.ControllerActionInvoker.Rethrow(ActionExecutedContextSealed context)
   at Microsoft.AspNetCore.Mvc.Infrastructure.ControllerActionInvoker.Next(State& next, Scope& scope, Object& state, Boolean& isCompleted)
   at Microsoft.AspNetCore.Mvc.Infrastructure.ControllerActionInvoker.InvokeInnerFilterAsync()
--- End of stack trace from previous location ---
   at Microsoft.AspNetCore.Mvc.Infrastructure.ResourceInvoker.<InvokeFilterPipelineAsync>g__Awaited|20_0(ResourceInvoker invoker, Task lastTask, State next, Scope scope, Object state, Boolean isCompleted)
   at Microsoft.AspNetCore.Mvc.Infrastructure.ResourceInvoker.<InvokeAsync>g__Logged|17_1(ResourceInvoker invoker)
   at Microsoft.AspNetCore.Mvc.Infrastructure.ResourceInvoker.<InvokeAsync>g__Logged|17_1(ResourceInvoker invoker)
   at Microsoft.AspNetCore.Routing.EndpointMiddleware.<Invoke>g__AwaitRequestTask|6_0(Endpoint endpoint, Task requestTask, ILogger logger)
   at Microsoft.AspNetCore.Diagnostics.ExceptionHandlerMiddlewareImpl.<Invoke>g__Awaited|8_0(ExceptionHandlerMiddlewareImpl middleware, HttpContext context, Task task)
[2023-03-27 11:45:00.791 -03:00 INF] [TRACE] request/response
[2023-03-27 11:45:00.802 -03:00 INF] [ALL TRACE IN DICTIONARY] {"request_headers":[{"Key":"Accept","Value":["*/*"],"$type":"KeyValuePair`2"},{"Key":"Connection","Value":["keep-alive"],"$type":"KeyValuePair`2"},{"Key":"Host","Value":["localhost:5000"],"$type":"KeyValuePair`2"},{"Key":"User-Agent","Value":["PostmanRuntime/7.28.4"],"$type":"KeyValuePair`2"},{"Key":"Accept-Encoding","Value":["gzip, deflate, br"],"$type":"KeyValuePair`2"},{"Key":"Postman-Token","Value":["ad0a77d0-9cb8-4e0c-bee2-6cb4f6034bf5"],"$type":"KeyValuePair`2"}],"request_body":"http localhost:5000/Users/Exception  ","response_headers":[{"Key":"Content-Type","Value":["application/json"],"$type":"KeyValuePair`2"}],"response_body":"500: {\"StatusCode\":500,\"Message\":\"Error en el servidor. No eres tú, soy yo. Comunícate con el administrador XD.\"}"}
[2023-03-27 11:45:00.808 -03:00 INF] Request finished HTTP/1.1 GET http://localhost:5000/Users/Exception - - - 500 - application/json 366.4418ms
[2023-03-27 11:45:03.741 -03:00 INF] Request starting HTTP/1.1 GET http://localhost:5000/users - -
[2023-03-27 11:45:03.744 -03:00 INF] Executing endpoint 'API.Controllers.UsersController.GetUsers (API)'
[2023-03-27 11:45:03.751 -03:00 INF] Route matched with {action = "GetUsers", controller = "Users"}. Executing controller action with signature System.Threading.Tasks.Task`1[Microsoft.AspNetCore.Mvc.ActionResult`1[System.Collections.Generic.List`1[Domain.User]]] GetUsers() on controller API.Controllers.UsersController (API).
[2023-03-27 11:45:03.811 -03:00 INF] Executed DbCommand (0ms) [Parameters=[], CommandType='"Text"', CommandTimeout='30']
SELECT "u"."Id", "u"."Correo", "u"."FechaNacimiento", "u"."Nombre", "u"."Rut"
FROM "Users" AS "u"
[2023-03-27 11:45:03.886 -03:00 INF] Executing ObjectResult, writing value of type 'System.Collections.Generic.List`1[[Domain.User, Domain, Version=1.0.0.0, Culture=neutral, PublicKeyToken=null]]'.
[2023-03-27 11:45:03.928 -03:00 INF] Executed action API.Controllers.UsersController.GetUsers (API) in 177.1946ms
[2023-03-27 11:45:03.928 -03:00 INF] Executed endpoint 'API.Controllers.UsersController.GetUsers (API)'
[2023-03-27 11:45:03.928 -03:00 INF] [TRACE] request/response
[2023-03-27 11:45:03.929 -03:00 INF] [ALL TRACE IN DICTIONARY] {"request_headers":[{"Key":"Accept","Value":["*/*"],"$type":"KeyValuePair`2"},{"Key":"Connection","Value":["keep-alive"],"$type":"KeyValuePair`2"},{"Key":"Host","Value":["localhost:5000"],"$type":"KeyValuePair`2"},{"Key":"User-Agent","Value":["PostmanRuntime/7.28.4"],"$type":"KeyValuePair`2"},{"Key":"Accept-Encoding","Value":["gzip, deflate, br"],"$type":"KeyValuePair`2"},{"Key":"Authorization","Value":["Bearer {{token}}"],"$type":"KeyValuePair`2"},{"Key":"Postman-Token","Value":["16bb59b3-7d3e-4c45-9b82-c7a957f40f29"],"$type":"KeyValuePair`2"}],"request_body":"http localhost:5000/users  ","response_headers":[{"Key":"Content-Type","Value":["application/json; charset=utf-8"],"$type":"KeyValuePair`2"}],"response_body":"200: [{\"id\":\"33a28c3e-c318-47bb-beb1-d805ed0b4d46\",\"nombre\":\"Nombre 4\",\"rut\":\"4444444-1\",\"fechaNacimiento\":\"1939-11-22T19:06:04.5834947\",\"correo\":\"Correo@correo.cl\"},{\"id\":\"7c1e270b-36fc-4e0d-8901-e923b11b241d\",\"nombre\":\"Nombre 3\",\"rut\":\"3333333-1\",\"fechaNacimiento\":\"2014-11-22T19:06:04.5834943\",\"correo\":\"Correo@correo.cl\"},{\"id\":\"aa86e728-0cb7-461f-9980-aca4d70e249d\",\"nombre\":\"Nombre 5\",\"rut\":\"1155111-1\",\"fechaNacimiento\":\"2006-07-22T19:06:04.583495\",\"correo\":\"Correo@correo.cl\"},{\"id\":\"cb2b49ec-7e86-432a-8461-e95389323fe6\",\"nombre\":\"Correo@correo.cldd\",\"rut\":\"111111-1dd\",\"fechaNacimiento\":\"2023-01-22T19:06:04.5832866\",\"correo\":\"Nombre 11000\"},{\"id\":\"fbe1306f-5753-4328-b2fa-e506bd2213e5\",\"nombre\":\"Nombre 11000\",\"rut\":\"111111-1\",\"fechaNacimiento\":\"2023-01-22T19:06:04.5832866\",\"correo\":\"Correo@correo.cl\"},{\"id\":\"4ee8c901-1f53-4506-9714-cd5d574ab34d\",\"nombre\":\"correo@front\",\"rut\":\"172214312\",\"fechaNacimiento\":\"2023-03-18T00:00:00\",\"correo\":\"TestFrom5\"},{\"id\":\"52a577cb-d30c-4a79-bdd8-029378d987d5\",\"nombre\":\"correo@correo2\",\"rut\":\"172214312\",\"fechaNacimiento\":\"2023-03-08T00:00:00\",\"correo\":\"pruebaFormaq34\"},{\"id\":\"0e0dba6c-2a80-42e1-8951-6e49dba9e436\",\"nombre\":\"Nombre 10\",\"rut\":\"111111-1\",\"fechaNacimiento\":\"2023-01-22T19:06:04.5832866\",\"correo\":\"Correo@correo.cl\"},{\"id\":\"649a1935-ffc9-43bd-9f48-7914f72a1440\",\"nombre\":\"Nombre 13\",\"rut\":\"111111-1\",\"fechaNacimiento\":\"2023-01-22T19:06:04.5832866\",\"correo\":\"Correo@correo.cl\"},{\"id\":\"0e5f9897-9bcc-4921-821e-6ad6067d51e3\",\"nombre\":\"Correo@correo.cl\",\"rut\":\"111111-1\",\"fechaNacimiento\":\"2023-01-22T19:06:04.5832866\",\"correo\":\"Nombre 14pruebaccc\"},{\"id\":\"b3955a88-4146-41ca-964a-90ae6737a7b2\",\"nombre\":\"coorrecorreo.cl\",\"rut\":\"172215412\",\"fechaNacimiento\":\"2023-03-23T00:00:00\",\"correo\":\"prueba crear\"},{\"id\":\"c4cffa0a-3ae8-47b2-91aa-23819657e0d7\",\"nombre\":\"correo@dsds\",\"rut\":\"121212dd\",\"fechaNacimiento\":\"2023-03-22T00:00:00\",\"correo\":\"prueba crear 2s\"}]"}
[2023-03-27 11:45:03.936 -03:00 INF] Request finished HTTP/1.1 GET http://localhost:5000/users - - - 200 - application/json;+charset=utf-8 195.3745ms
[2023-03-27 11:45:09.724 -03:00 INF] Application is shutting down...
[2023-03-27 12:07:55.035 -03:00 INF] Executed DbCommand (16ms) [Parameters=[], CommandType='"Text"', CommandTimeout='30']
SELECT COUNT(*) FROM "sqlite_master" WHERE "name" = '__EFMigrationsHistory' AND "type" = 'table';
[2023-03-27 12:07:55.100 -03:00 INF] Executed DbCommand (1ms) [Parameters=[], CommandType='"Text"', CommandTimeout='30']
SELECT COUNT(*) FROM "sqlite_master" WHERE "name" = '__EFMigrationsHistory' AND "type" = 'table';
[2023-03-27 12:07:55.159 -03:00 INF] Executed DbCommand (3ms) [Parameters=[], CommandType='"Text"', CommandTimeout='30']
SELECT "MigrationId", "ProductVersion"
FROM "__EFMigrationsHistory"
ORDER BY "MigrationId";
[2023-03-27 12:07:55.184 -03:00 INF] No migrations were applied. The database is already up to date.
[2023-03-27 12:07:55.411 -03:00 INF] Executed DbCommand (1ms) [Parameters=[], CommandType='"Text"', CommandTimeout='30']
SELECT EXISTS (
    SELECT 1
    FROM "Users" AS "u")
[2023-03-27 12:07:55.491 -03:00 INF] Now listening on: http://localhost:5000
[2023-03-27 12:07:55.494 -03:00 INF] Application started. Press Ctrl+C to shut down.
[2023-03-27 12:07:55.495 -03:00 INF] Hosting environment: Development
[2023-03-27 12:07:55.495 -03:00 INF] Content root path: C:\Repos\TestPragma\PragmaReactNetcore\Reactivities\API
[2023-03-27 12:09:04.793 -03:00 INF] Request starting HTTP/1.1 GET http://localhost:5000/swagger/index.html - -
[2023-03-27 12:09:04.956 -03:00 INF] Request finished HTTP/1.1 GET http://localhost:5000/swagger/index.html - - - 200 - text/html;charset=utf-8 166.8873ms
[2023-03-27 12:09:05.246 -03:00 INF] Request starting HTTP/1.1 GET http://localhost:5000/swagger/v1/swagger.json - -
[2023-03-27 12:09:05.380 -03:00 INF] Request finished HTTP/1.1 GET http://localhost:5000/swagger/v1/swagger.json - - - 200 - application/json;charset=utf-8 133.7474ms
[2023-03-27 12:15:36.895 -03:00 INF] Application is shutting down...
