[2023-03-24 23:13:01.797 -03:00 INF] Executed DbCommand (17ms) [Parameters=[], CommandType='"Text"', CommandTimeout='30']
SELECT COUNT(*) FROM "sqlite_master" WHERE "name" = '__EFMigrationsHistory' AND "type" = 'table';
[2023-03-24 23:13:01.865 -03:00 INF] Executed DbCommand (1ms) [Parameters=[], CommandType='"Text"', CommandTimeout='30']
SELECT COUNT(*) FROM "sqlite_master" WHERE "name" = '__EFMigrationsHistory' AND "type" = 'table';
[2023-03-24 23:13:01.905 -03:00 INF] Executed DbCommand (2ms) [Parameters=[], CommandType='"Text"', CommandTimeout='30']
SELECT "MigrationId", "ProductVersion"
FROM "__EFMigrationsHistory"
ORDER BY "MigrationId";
[2023-03-24 23:13:01.939 -03:00 INF] No migrations were applied. The database is already up to date.
[2023-03-24 23:13:02.209 -03:00 INF] Executed DbCommand (1ms) [Parameters=[], CommandType='"Text"', CommandTimeout='30']
SELECT EXISTS (
    SELECT 1
    FROM "Users" AS "u")
[2023-03-24 23:13:02.388 -03:00 INF] Now listening on: http://localhost:5000
[2023-03-24 23:13:02.396 -03:00 INF] Application started. Press Ctrl+C to shut down.
[2023-03-24 23:13:02.400 -03:00 INF] Hosting environment: Development
[2023-03-24 23:13:02.404 -03:00 INF] Content root path: C:\Repos\TestPragma\PragmaReactNetcore\Reactivities\API
[2023-03-24 23:13:02.878 -03:00 INF] Request starting HTTP/1.1 GET http://localhost:5000/ - -
[2023-03-24 23:13:02.972 -03:00 WRN] Failed to determine the https port for redirect.
[2023-03-24 23:13:30.386 -03:00 INF] Executed DbCommand (23ms) [Parameters=[], CommandType='"Text"', CommandTimeout='30']
SELECT COUNT(*) FROM "sqlite_master" WHERE "name" = '__EFMigrationsHistory' AND "type" = 'table';
[2023-03-24 23:13:30.446 -03:00 INF] Executed DbCommand (1ms) [Parameters=[], CommandType='"Text"', CommandTimeout='30']
SELECT COUNT(*) FROM "sqlite_master" WHERE "name" = '__EFMigrationsHistory' AND "type" = 'table';
[2023-03-24 23:13:30.479 -03:00 INF] Executed DbCommand (1ms) [Parameters=[], CommandType='"Text"', CommandTimeout='30']
SELECT "MigrationId", "ProductVersion"
FROM "__EFMigrationsHistory"
ORDER BY "MigrationId";
[2023-03-24 23:13:30.505 -03:00 INF] No migrations were applied. The database is already up to date.
[2023-03-24 23:13:30.722 -03:00 INF] Executed DbCommand (1ms) [Parameters=[], CommandType='"Text"', CommandTimeout='30']
SELECT EXISTS (
    SELECT 1
    FROM "Users" AS "u")
[2023-03-24 23:13:30.879 -03:00 INF] Now listening on: http://localhost:5000
[2023-03-24 23:13:30.886 -03:00 INF] Application started. Press Ctrl+C to shut down.
[2023-03-24 23:13:30.889 -03:00 INF] Hosting environment: Development
[2023-03-24 23:13:30.891 -03:00 INF] Content root path: C:\Repos\TestPragma\PragmaReactNetcore\Reactivities\API
[2023-03-24 23:13:31.178 -03:00 INF] Request starting HTTP/1.1 GET http://localhost:5000/ - -
[2023-03-24 23:13:31.303 -03:00 WRN] Failed to determine the https port for redirect.
[2023-03-24 23:13:49.120 -03:00 INF] Request starting HTTP/1.1 GET http://localhost:5000/ - -
[2023-03-24 23:14:04.325 -03:00 INF] [TRACE] request/response
[2023-03-24 23:14:04.327 -03:00 INF] [TRACE] request/response
[2023-03-24 23:14:04.357 -03:00 INF] [ALL TRACE IN DICTIONARY] {"request_headers":[{"Key":"Accept","Value":["text/html,application/xhtml+xml,application/xml;q=0.9,image/avif,image/webp,image/apng,*/*;q=0.8,application/signed-exchange;v=b3;q=0.7"],"$type":"KeyValuePair`2"},{"Key":"Connection","Value":["keep-alive"],"$type":"KeyValuePair`2"},{"Key":"Host","Value":["localhost:5000"],"$type":"KeyValuePair`2"},{"Key":"User-Agent","Value":["Mozilla/5.0 (Windows NT 10.0; Win64; x64) AppleWebKit/537.36 (KHTML, like Gecko) Chrome/111.0.0.0 Safari/537.36"],"$type":"KeyValuePair`2"},{"Key":"Accept-Encoding","Value":["gzip, deflate"],"$type":"KeyValuePair`2"},{"Key":"Accept-Language","Value":["es-ES,es;q=0.9"],"$type":"KeyValuePair`2"},{"Key":"Cookie","Value":["mailpoet_page_view=%7B%22timestamp%22%3A1671050267%7D"],"$type":"KeyValuePair`2"},{"Key":"Upgrade-Insecure-Requests","Value":["1"],"$type":"KeyValuePair`2"},{"Key":"sec-ch-ua","Value":["\"Google Chrome\";v=\"111\", \"Not(A:Brand\";v=\"8\", \"Chromium\";v=\"111\""],"$type":"KeyValuePair`2"},{"Key":"sec-ch-ua-mobile","Value":["?0"],"$type":"KeyValuePair`2"},{"Key":"sec-ch-ua-platform","Value":["\"Windows\""],"$type":"KeyValuePair`2"},{"Key":"Sec-Fetch-Site","Value":["none"],"$type":"KeyValuePair`2"},{"Key":"Sec-Fetch-Mode","Value":["navigate"],"$type":"KeyValuePair`2"},{"Key":"Sec-Fetch-User","Value":["?1"],"$type":"KeyValuePair`2"},{"Key":"Sec-Fetch-Dest","Value":["document"],"$type":"KeyValuePair`2"}],"request_body":"http localhost:5000/  ","response_headers":[],"response_body":"404: "}
[2023-03-24 23:14:04.357 -03:00 INF] [ALL TRACE IN DICTIONARY] {"request_headers":[{"Key":"Accept","Value":["text/html,application/xhtml+xml,application/xml;q=0.9,image/avif,image/webp,image/apng,*/*;q=0.8,application/signed-exchange;v=b3;q=0.7"],"$type":"KeyValuePair`2"},{"Key":"Connection","Value":["keep-alive"],"$type":"KeyValuePair`2"},{"Key":"Host","Value":["localhost:5000"],"$type":"KeyValuePair`2"},{"Key":"User-Agent","Value":["Mozilla/5.0 (Windows NT 10.0; Win64; x64) AppleWebKit/537.36 (KHTML, like Gecko) Chrome/111.0.0.0 Safari/537.36"],"$type":"KeyValuePair`2"},{"Key":"Accept-Encoding","Value":["gzip, deflate"],"$type":"KeyValuePair`2"},{"Key":"Accept-Language","Value":["es-ES,es;q=0.9"],"$type":"KeyValuePair`2"},{"Key":"Cache-Control","Value":["max-age=0"],"$type":"KeyValuePair`2"},{"Key":"Cookie","Value":["mailpoet_page_view=%7B%22timestamp%22%3A1671050267%7D"],"$type":"KeyValuePair`2"},{"Key":"Upgrade-Insecure-Requests","Value":["1"],"$type":"KeyValuePair`2"},{"Key":"sec-ch-ua","Value":["\"Google Chrome\";v=\"111\", \"Not(A:Brand\";v=\"8\", \"Chromium\";v=\"111\""],"$type":"KeyValuePair`2"},{"Key":"sec-ch-ua-mobile","Value":["?0"],"$type":"KeyValuePair`2"},{"Key":"sec-ch-ua-platform","Value":["\"Windows\""],"$type":"KeyValuePair`2"},{"Key":"Sec-Fetch-Site","Value":["none"],"$type":"KeyValuePair`2"},{"Key":"Sec-Fetch-Mode","Value":["navigate"],"$type":"KeyValuePair`2"},{"Key":"Sec-Fetch-User","Value":["?1"],"$type":"KeyValuePair`2"},{"Key":"Sec-Fetch-Dest","Value":["document"],"$type":"KeyValuePair`2"}],"request_body":"http localhost:5000/  ","response_headers":[],"response_body":"404: "}
[2023-03-24 23:14:04.365 -03:00 INF] Request finished HTTP/1.1 GET http://localhost:5000/ - - - 404 0 - 15243.9103ms
[2023-03-24 23:14:04.365 -03:00 INF] Request finished HTTP/1.1 GET http://localhost:5000/ - - - 0 - - 33191.7474ms
[2023-03-24 23:14:15.566 -03:00 INF] Request starting HTTP/1.1 GET http://localhost:5000/users - -
[2023-03-24 23:14:20.940 -03:00 INF] Executing endpoint 'API.Controllers.UsersController.GetUsers (API)'
[2023-03-24 23:14:20.966 -03:00 INF] Route matched with {action = "GetUsers", controller = "Users"}. Executing controller action with signature System.Threading.Tasks.Task`1[Microsoft.AspNetCore.Mvc.ActionResult`1[System.Collections.Generic.List`1[Domain.User]]] GetUsers() on controller API.Controllers.UsersController (API).
[2023-03-24 23:14:21.065 -03:00 INF] Executed DbCommand (0ms) [Parameters=[], CommandType='"Text"', CommandTimeout='30']
SELECT "u"."Id", "u"."Correo", "u"."FechaNacimiento", "u"."Nombre", "u"."Rut"
FROM "Users" AS "u"
[2023-03-24 23:14:21.179 -03:00 INF] Executing ObjectResult, writing value of type 'System.Collections.Generic.List`1[[Domain.User, Domain, Version=1.0.0.0, Culture=neutral, PublicKeyToken=null]]'.
[2023-03-24 23:14:21.241 -03:00 INF] Executed action API.Controllers.UsersController.GetUsers (API) in 267.8351ms
[2023-03-24 23:14:21.241 -03:00 INF] Executed endpoint 'API.Controllers.UsersController.GetUsers (API)'
[2023-03-24 23:14:21.245 -03:00 INF] [TRACE] request/response
[2023-03-24 23:14:21.248 -03:00 INF] [ALL TRACE IN DICTIONARY] {"request_headers":[{"Key":"Accept","Value":["*/*"],"$type":"KeyValuePair`2"},{"Key":"Connection","Value":["keep-alive"],"$type":"KeyValuePair`2"},{"Key":"Host","Value":["localhost:5000"],"$type":"KeyValuePair`2"},{"Key":"User-Agent","Value":["PostmanRuntime/7.28.4"],"$type":"KeyValuePair`2"},{"Key":"Accept-Encoding","Value":["gzip, deflate, br"],"$type":"KeyValuePair`2"},{"Key":"Authorization","Value":["Bearer {{token}}"],"$type":"KeyValuePair`2"},{"Key":"Postman-Token","Value":["743412d4-1cf4-4e31-b707-2fea1bee095f"],"$type":"KeyValuePair`2"}],"request_body":"http localhost:5000/users  ","response_headers":[{"Key":"Content-Type","Value":["application/json; charset=utf-8"],"$type":"KeyValuePair`2"}],"response_body":"200: [{\"id\":\"33a28c3e-c318-47bb-beb1-d805ed0b4d46\",\"nombre\":\"Nombre 4\",\"rut\":\"4444444-1\",\"fechaNacimiento\":\"1939-11-22T19:06:04.5834947\",\"correo\":\"Correo@correo.cl\"},{\"id\":\"7c1e270b-36fc-4e0d-8901-e923b11b241d\",\"nombre\":\"Nombre 3\",\"rut\":\"3333333-1\",\"fechaNacimiento\":\"2014-11-22T19:06:04.5834943\",\"correo\":\"Correo@correo.cl\"},{\"id\":\"aa86e728-0cb7-461f-9980-aca4d70e249d\",\"nombre\":\"Nombre 5\",\"rut\":\"1155111-1\",\"fechaNacimiento\":\"2006-07-22T19:06:04.583495\",\"correo\":\"Correo@correo.cl\"},{\"id\":\"cb2b49ec-7e86-432a-8461-e95389323fe6\",\"nombre\":\"Correo@correo.cldd\",\"rut\":\"111111-1dd\",\"fechaNacimiento\":\"2023-01-22T19:06:04.5832866\",\"correo\":\"Nombre 11000\"},{\"id\":\"fbe1306f-5753-4328-b2fa-e506bd2213e5\",\"nombre\":\"Nombre 11000\",\"rut\":\"111111-1\",\"fechaNacimiento\":\"2023-01-22T19:06:04.5832866\",\"correo\":\"Correo@correo.cl\"},{\"id\":\"4ee8c901-1f53-4506-9714-cd5d574ab34d\",\"nombre\":\"correo@front\",\"rut\":\"172214312\",\"fechaNacimiento\":\"2023-03-18T00:00:00\",\"correo\":\"TestFrom5\"},{\"id\":\"52a577cb-d30c-4a79-bdd8-029378d987d5\",\"nombre\":\"correo@correo2\",\"rut\":\"172214312\",\"fechaNacimiento\":\"2023-03-08T00:00:00\",\"correo\":\"pruebaFormaq34\"},{\"id\":\"0e0dba6c-2a80-42e1-8951-6e49dba9e436\",\"nombre\":\"Nombre 10\",\"rut\":\"111111-1\",\"fechaNacimiento\":\"2023-01-22T19:06:04.5832866\",\"correo\":\"Correo@correo.cl\"},{\"id\":\"649a1935-ffc9-43bd-9f48-7914f72a1440\",\"nombre\":\"Nombre 13\",\"rut\":\"111111-1\",\"fechaNacimiento\":\"2023-01-22T19:06:04.5832866\",\"correo\":\"Correo@correo.cl\"},{\"id\":\"0e5f9897-9bcc-4921-821e-6ad6067d51e3\",\"nombre\":\"Correo@correo.cl\",\"rut\":\"111111-1\",\"fechaNacimiento\":\"2023-01-22T19:06:04.5832866\",\"correo\":\"Nombre 14pruebaccc\"},{\"id\":\"b3955a88-4146-41ca-964a-90ae6737a7b2\",\"nombre\":\"coorrecorreo.cl\",\"rut\":\"172215412\",\"fechaNacimiento\":\"2023-03-23T00:00:00\",\"correo\":\"prueba crear\"},{\"id\":\"c4cffa0a-3ae8-47b2-91aa-23819657e0d7\",\"nombre\":\"correo@dsds\",\"rut\":\"121212dd\",\"fechaNacimiento\":\"2023-03-22T00:00:00\",\"correo\":\"prueba crear 2s\"}]"}
[2023-03-24 23:14:21.257 -03:00 INF] Request finished HTTP/1.1 GET http://localhost:5000/users - - - 200 - application/json;+charset=utf-8 5695.0769ms
